2017-02-13 14:23:05,379 [8] DEBUG default - Start!!!
2017-02-13 14:23:13,523 [10] DEBUG default - Logic1:101
2017-02-13 14:23:13,526 [11] DEBUG default - Logic4:100
2017-02-13 14:23:13,589 [10] DEBUG default - Logic5:100
2017-02-13 14:23:13,590 [11] DEBUG default - Logic6:100
2017-02-13 14:23:13,603 [10] DEBUG default - Logic7:100
2017-02-13 14:23:13,617 [10] DEBUG default - Logic9:100
2017-02-13 14:23:13,609 [11] DEBUG default - Logic8:100
2017-02-13 14:23:13,624 [13] DEBUG default - Logic3:100
2017-02-13 14:23:13,634 [10] DEBUG default - Logic10:100
2017-02-13 14:23:13,643 [11] DEBUG default - Logic1:102
2017-02-13 14:23:13,703 [11] DEBUG default - Logic4:101
2017-02-13 14:23:13,713 [11] DEBUG default - Logic5:101
2017-02-13 14:23:13,723 [11] DEBUG default - Logic6:101
2017-02-13 14:23:13,732 [11] DEBUG default - Logic7:101
2017-02-13 14:23:13,738 [11] DEBUG default - Logic8:101
2017-02-13 14:23:13,766 [11] DEBUG default - Logic9:101
2017-02-13 14:23:13,776 [11] DEBUG default - Logic10:101
2017-02-13 14:23:13,829 [10] DEBUG default - Logic3:101
2017-02-13 14:23:13,920 [11] DEBUG default - Logic1:103
2017-02-13 14:23:14,483 [11] DEBUG default - Logic3:102
2017-02-13 14:23:14,686 [11] DEBUG default - Logic4:102
2017-02-13 14:23:14,979 [11] DEBUG default - Logic5:102
2017-02-13 14:23:15,404 [11] DEBUG default - Logic6:102
2017-02-13 14:23:16,423 [11] DEBUG default - Logic7:102
2017-02-13 14:23:16,458 [14] DEBUG default - Logic8:102
2017-02-13 14:23:16,761 [11] DEBUG default - Logic9:102
2017-02-13 14:23:17,045 [14] DEBUG default - Logic10:102
2017-02-13 14:23:27,290 [12] DEBUG default - Logic2:-2147483648
2017-02-13 14:23:27,545 [13] DEBUG default - Logic2:-2147483648
2017-02-13 14:23:30,640 [8] DEBUG default - todoAll: All done
2017-02-13 14:23:31,371 [8] DEBUG default - todoAll: All done
2017-02-13 14:23:31,698 [10] DEBUG default - Logic2:-2147483648
2017-02-13 14:23:32,505 [8] DEBUG default - todoAll: All done
2017-02-13 14:26:43,348 [8] DEBUG default - Start!!!
2017-02-13 14:26:50,099 [10] DEBUG default - Logic1:101
2017-02-13 14:26:50,118 [11] DEBUG default - Logic4:100
2017-02-13 14:26:50,123 [12] DEBUG default - Logic3:100
2017-02-13 14:26:50,155 [11] DEBUG default - Logic5:100
2017-02-13 14:26:55,423 [12] DEBUG default - Logic7:100
2017-02-13 14:26:55,501 [11] DEBUG default - Logic8:100
2017-02-13 14:26:55,567 [12] DEBUG default - Logic9:100
2017-02-13 14:26:53,489 [10] DEBUG default - Logic6:100
2017-02-13 14:26:55,580 [11] DEBUG default - Logic10:100
2017-02-13 14:26:55,596 [12] DEBUG default - Logic1:102
2017-02-13 14:26:55,654 [12] DEBUG default - Logic4:101
2017-02-13 14:26:55,923 [11] DEBUG default - Logic3:101
2017-02-13 14:26:56,254 [12] DEBUG default - Logic5:101
2017-02-13 14:26:56,335 [11] DEBUG default - Logic6:101
2017-02-13 14:26:56,373 [12] DEBUG default - Logic7:101
2017-02-13 14:26:56,616 [12] DEBUG default - Logic9:101
2017-02-13 14:26:56,407 [11] DEBUG default - Logic8:101
2017-02-13 14:26:56,626 [12] DEBUG default - Logic10:101
2017-02-13 14:26:56,655 [11] DEBUG default - Logic1:103
2017-02-13 14:26:56,799 [11] DEBUG default - Logic3:102
2017-02-13 14:26:56,890 [11] DEBUG default - Logic4:102
2017-02-13 14:26:57,167 [11] DEBUG default - Logic5:102
2017-02-13 14:26:57,314 [11] DEBUG default - Logic6:102
2017-02-13 14:26:57,376 [14] DEBUG default - Logic7:102
2017-02-13 14:26:57,711 [11] DEBUG default - Logic8:102
2017-02-13 14:26:57,766 [14] DEBUG default - Logic9:102
2017-02-13 14:26:58,011 [11] DEBUG default - Logic10:102
2017-02-13 14:27:07,499 [13] DEBUG default - Logic2:-2147483648
2017-02-13 14:30:13,799 [9] DEBUG default - Start!!!
2017-02-13 14:30:20,099 [11] DEBUG default - Logic1:101
2017-02-13 14:30:20,830 [11] DEBUG default - Logic4:100
2017-02-13 14:30:32,745 [14] DEBUG default - Logic5:100
2017-02-13 14:30:32,757 [12] DEBUG default - Logic3:100
2017-02-13 14:30:32,809 [14] DEBUG default - Logic6:100
2017-02-13 14:30:33,722 [12] DEBUG default - Logic8:100
2017-02-13 14:30:33,686 [11] DEBUG default - Logic7:100
2017-02-13 14:30:34,810 [14] DEBUG default - Logic9:100
2017-02-13 14:30:34,827 [12] DEBUG default - Logic10:100
2017-02-13 14:30:36,297 [11] DEBUG default - Logic1:102
2017-02-13 14:30:42,954 [11] DEBUG default - Logic4:101
2017-02-13 14:30:42,972 [11] DEBUG default - Logic5:101
2017-02-13 14:30:42,992 [11] DEBUG default - Logic6:101
2017-02-13 14:30:43,014 [11] DEBUG default - Logic7:101
2017-02-13 14:30:43,027 [11] DEBUG default - Logic8:101
2017-02-13 14:30:43,027 [12] DEBUG default - Logic3:101
2017-02-13 14:30:43,037 [11] DEBUG default - Logic9:101
2017-02-13 14:30:43,082 [12] DEBUG default - Logic10:101
2017-02-13 14:30:43,235 [11] DEBUG default - Logic1:103
2017-02-13 14:30:43,576 [11] DEBUG default - Logic3:102
2017-02-13 14:30:43,728 [11] DEBUG default - Logic4:102
2017-02-13 14:30:43,787 [11] DEBUG default - Logic5:102
2017-02-13 14:30:44,428 [15] DEBUG default - Logic6:102
2017-02-13 14:30:44,428 [11] DEBUG default - Logic7:102
2017-02-13 14:30:44,486 [15] DEBUG default - Logic8:102
2017-02-13 14:30:44,491 [11] DEBUG default - Logic9:102
2017-02-13 14:30:44,673 [15] DEBUG default - Logic10:102
2017-02-13 14:30:55,298 [14] DEBUG default - Logic2:-2147483648
2017-02-13 14:30:55,416 [13] DEBUG default - Logic2:-2147483648
2017-02-13 14:33:36,176 [9] DEBUG default - Start!!!
2017-02-13 14:33:40,668 [11] DEBUG default - Logic1:101
2017-02-13 14:33:41,610 [13] DEBUG default - Logic4:100
2017-02-13 14:33:41,627 [13] DEBUG default - Logic5:100
2017-02-13 14:33:41,629 [12] DEBUG default - Logic6:100
2017-02-13 14:33:41,654 [12] DEBUG default - Logic8:100
2017-02-13 14:33:41,665 [12] DEBUG default - Logic9:100
2017-02-13 14:33:41,677 [12] DEBUG default - Logic10:100
2017-02-13 14:33:41,641 [13] DEBUG default - Logic7:100
2017-02-13 14:33:41,689 [12] DEBUG default - Logic1:102
2017-02-13 14:33:46,095 [12] DEBUG default - Logic3:101
2017-02-13 14:33:46,108 [12] DEBUG default - Logic4:101
2017-02-13 14:33:46,109 [16] DEBUG default - Logic5:101
2017-02-13 14:33:46,391 [12] DEBUG default - Logic6:101
2017-02-13 14:33:46,416 [16] DEBUG default - Logic7:101
2017-02-13 14:33:46,459 [12] DEBUG default - Logic8:101
2017-02-13 14:33:46,483 [16] DEBUG default - Logic9:101
2017-02-13 14:33:46,506 [12] DEBUG default - Logic10:101
2017-02-13 14:33:46,728 [16] DEBUG default - Logic1:103
2017-02-13 14:33:53,304 [16] DEBUG default - Logic3:102
2017-02-13 14:33:53,304 [17] DEBUG default - Logic4:102
2017-02-13 14:33:53,695 [11] DEBUG default - Logic2:-2147483648
2017-02-13 14:33:53,768 [13] DEBUG default - Logic2:-2147483648
2017-02-13 14:33:53,704 [17] DEBUG default - Logic6:102
2017-02-13 14:33:53,661 [16] DEBUG default - Logic5:102
2017-02-13 14:34:00,826 [11] DEBUG default - Logic8:102
2017-02-13 14:34:00,851 [16] DEBUG default - Logic9:102
2017-02-13 14:34:01,016 [13] DEBUG default - Logic10:102
2017-02-13 14:34:01,204 [14] DEBUG default - Logic3:100
2017-02-13 14:33:59,904 [17] DEBUG default - Logic7:102
2017-02-13 14:34:03,196 [9] DEBUG default - todoAll: All done : 100
2017-02-13 14:34:03,862 [9] DEBUG default - todoAll: All done : 101
2017-02-13 14:34:07,985 [12] DEBUG default - Logic2:-2147483648
2017-02-13 14:34:10,559 [9] DEBUG default - todoAll: All done : 102
2017-02-13 14:37:02,597 [9] DEBUG default - Start!!!
2017-02-13 14:37:07,297 [11] DEBUG default - Logic1:101
2017-02-13 14:37:08,141 [14] DEBUG default - Logic4:100
2017-02-13 14:37:08,149 [11] DEBUG default - Logic3:100
2017-02-13 14:37:08,147 [13] DEBUG default - Logic5:100
2017-02-13 14:37:09,590 [14] DEBUG default - Logic6:100
2017-02-13 14:37:10,169 [13] DEBUG default - Logic8:100
2017-02-13 14:37:09,592 [11] DEBUG default - Logic7:100
2017-02-13 14:37:10,698 [14] DEBUG default - Logic9:100
2017-02-13 14:37:11,160 [13] DEBUG default - Logic10:100
2017-02-13 14:37:11,418 [11] DEBUG default - Logic1:102
2017-02-13 14:37:12,831 [13] DEBUG default - Logic3:101
2017-02-13 14:37:14,204 [11] DEBUG default - Logic4:101
2017-02-13 14:37:18,942 [13] DEBUG default - Logic5:101
2017-02-13 14:37:31,800 [11] DEBUG default - Logic6:101
2017-02-13 14:37:34,324 [13] DEBUG default - Logic7:101
2017-02-13 14:37:46,882 [11] DEBUG default - Logic8:101
2017-02-13 14:37:55,155 [16] DEBUG default - Logic1:103
2017-02-13 14:37:48,728 [13] DEBUG default - Logic9:101
2017-02-13 14:37:55,168 [17] DEBUG default - Logic10:101
2017-02-13 14:37:55,467 [11] DEBUG default - Logic3:102
2017-02-13 14:37:55,473 [16] DEBUG default - Logic4:102
2017-02-13 14:37:56,307 [16] DEBUG default - Logic8:102
2017-02-13 14:37:56,320 [16] DEBUG default - Logic9:102
2017-02-13 14:37:56,333 [16] DEBUG default - Logic10:102
2017-02-13 14:37:55,969 [17] DEBUG default - Logic6:102
2017-02-13 14:37:56,290 [11] DEBUG default - Logic7:102
2017-02-13 14:37:55,719 [13] DEBUG default - Logic5:102
2017-02-13 14:38:46,199 [9] DEBUG default - Start!!!
2017-02-13 14:38:48,366 [6] DEBUG default - Logic1:101
2017-02-13 14:38:51,160 [13] DEBUG default - Logic3:100
2017-02-13 14:38:51,163 [11] DEBUG default - Logic5:100
2017-02-13 14:38:51,160 [12] DEBUG default - Logic4:100
2017-02-13 14:38:51,201 [13] DEBUG default - Logic6:100
2017-02-13 14:38:51,264 [12] DEBUG default - Logic8:100
2017-02-13 14:38:51,220 [11] DEBUG default - Logic7:100
2017-02-13 14:38:51,345 [12] DEBUG default - Logic10:100
2017-02-13 14:38:51,322 [13] DEBUG default - Logic9:100
2017-02-13 14:38:51,357 [11] DEBUG default - Logic1:102
2017-02-13 14:38:51,429 [13] DEBUG default - Logic3:101
2017-02-13 14:38:51,444 [11] DEBUG default - Logic4:101
2017-02-13 14:38:51,475 [13] DEBUG default - Logic5:101
2017-02-13 14:38:51,485 [11] DEBUG default - Logic6:101
2017-02-13 14:38:51,496 [13] DEBUG default - Logic7:101
2017-02-13 14:38:51,514 [11] DEBUG default - Logic8:101
2017-02-13 14:38:51,544 [13] DEBUG default - Logic9:101
2017-02-13 14:38:51,561 [11] DEBUG default - Logic10:101
2017-02-13 14:38:51,574 [13] DEBUG default - Logic1:103
2017-02-13 14:38:51,704 [13] DEBUG default - Logic3:102
2017-02-13 14:38:51,786 [13] DEBUG default - Logic4:102
2017-02-13 14:38:51,853 [13] DEBUG default - Logic5:102
2017-02-13 14:38:51,917 [13] DEBUG default - Logic6:102
2017-02-13 14:38:51,925 [14] DEBUG default - Logic7:102
2017-02-13 14:38:52,344 [13] DEBUG default - Logic8:102
2017-02-13 14:38:52,699 [14] DEBUG default - Logic9:102
2017-02-13 14:38:52,863 [13] DEBUG default - Logic10:102
2017-02-13 14:40:45,345 [9] DEBUG default - Start!!!
2017-02-13 14:41:13,653 [9] DEBUG default - Start!!!
2017-02-13 14:41:14,323 [11] DEBUG default - Logic1:101
2017-02-13 14:41:14,545 [12] DEBUG default - Logic2:100
2017-02-13 14:41:14,550 [11] DEBUG default - Logic4:100
2017-02-13 14:41:14,555 [13] DEBUG default - Logic3:100
2017-02-13 14:41:14,623 [12] DEBUG default - Logic6:100
2017-02-13 14:41:14,554 [14] DEBUG default - Logic5:100
2017-02-13 14:41:14,798 [13] DEBUG default - Logic8:100
2017-02-13 14:41:14,840 [14] DEBUG default - Logic10:100
2017-02-13 14:41:14,901 [13] DEBUG default - Logic1:102
2017-02-13 14:41:14,805 [12] DEBUG default - Logic9:100
2017-02-13 14:41:14,793 [11] DEBUG default - Logic7:100
2017-02-13 14:41:15,389 [13] DEBUG default - Logic3:101
2017-02-13 14:41:15,541 [12] DEBUG default - Logic4:101
2017-02-13 14:41:15,021 [14] DEBUG default - Logic2:101
2017-02-13 14:41:15,672 [13] DEBUG default - Logic6:101
2017-02-13 14:41:15,746 [12] DEBUG default - Logic7:101
2017-02-13 14:41:15,813 [14] DEBUG default - Logic8:101
2017-02-13 14:41:15,940 [12] DEBUG default - Logic10:101
2017-02-13 14:41:15,874 [13] DEBUG default - Logic9:101
2017-02-13 14:41:15,610 [9] DEBUG default - todoAll: All done : 100
2017-02-13 14:41:15,609 [11] DEBUG default - Logic5:101
2017-02-13 14:41:16,011 [12] DEBUG default - Logic2:102
2017-02-13 14:41:15,947 [14] DEBUG default - Logic1:103
2017-02-13 14:41:16,161 [13] DEBUG default - Logic3:102
2017-02-13 14:41:16,254 [11] DEBUG default - Logic4:102
2017-02-13 14:41:16,502 [13] DEBUG default - Logic7:102
2017-02-13 14:41:16,253 [9] DEBUG default - todoAll: All done : 101
2017-02-13 14:41:16,442 [14] DEBUG default - Logic6:102
2017-02-13 14:41:16,271 [12] DEBUG default - Logic5:102
2017-02-13 14:41:16,503 [15] DEBUG default - Logic8:102
2017-02-13 14:41:16,570 [13] DEBUG default - Logic10:102
2017-02-13 14:41:16,536 [11] DEBUG default - Logic9:102
2017-02-13 14:41:16,852 [9] DEBUG default - todoAll: All done : 102
2017-02-13 14:43:37,496 [8] DEBUG default - Start!!!
2017-02-13 14:43:38,430 [11] DEBUG default - Logic2:100
2017-02-13 14:43:38,523 [13] DEBUG default - Logic4:100
2017-02-13 14:43:38,529 [11] DEBUG default - Logic5:100
2017-02-13 14:43:38,600 [13] DEBUG default - Logic6:100
2017-02-13 14:43:38,661 [11] DEBUG default - Logic7:100
2017-02-13 14:43:38,688 [13] DEBUG default - Logic8:100
2017-02-13 14:43:38,537 [12] DEBUG default - Logic3:100
2017-02-13 14:43:38,718 [11] DEBUG default - Logic9:100
2017-02-13 14:43:38,536 [10] DEBUG default - Logic1:101
2017-02-13 14:43:38,743 [12] DEBUG default - Logic1:102
2017-02-13 14:43:38,766 [11] DEBUG default - Logic2:101
2017-02-13 14:43:38,728 [13] DEBUG default - Logic10:100
2017-02-13 14:43:38,998 [10] DEBUG default - Logic3:101
2017-02-13 14:43:39,242 [10] DEBUG default - Logic7:101
2017-02-13 14:43:39,020 [12] DEBUG default - Logic4:101
2017-02-13 14:43:39,134 [11] DEBUG default - Logic5:101
2017-02-13 14:43:39,352 [12] DEBUG default - Logic9:101
2017-02-13 14:43:39,486 [11] DEBUG default - Logic10:101
2017-02-13 14:43:39,512 [12] DEBUG default - Logic1:103
2017-02-13 14:43:39,254 [10] DEBUG default - Logic8:101
2017-02-13 14:43:39,219 [13] DEBUG default - Logic6:101
2017-02-13 14:43:39,648 [12] DEBUG default - Logic3:102
2017-02-13 14:43:39,675 [10] DEBUG default - Logic4:102
2017-02-13 14:43:39,701 [13] DEBUG default - Logic5:102
2017-02-13 14:43:39,219 [8] DEBUG default - todoAll: All done : 100
2017-02-13 14:43:39,586 [11] DEBUG default - Logic2:102
2017-02-13 14:43:39,888 [10] DEBUG default - Logic7:102
2017-02-13 14:43:40,018 [8] DEBUG default - todoAll: All done : 101
2017-02-13 14:43:39,859 [12] DEBUG default - Logic6:102
2017-02-13 14:43:39,941 [13] DEBUG default - Logic9:102
2017-02-13 14:43:39,891 [14] DEBUG default - Logic8:102
2017-02-13 14:43:40,185 [11] DEBUG default - Logic10:102
2017-02-13 14:43:40,722 [8] DEBUG default - todoAll: All done : 102
2017-02-13 14:44:38,559 [10] DEBUG default - Start!!!
2017-02-13 14:44:39,521 [13] DEBUG default - Logic2:4950
2017-02-13 14:44:39,556 [11] DEBUG default - Logic1:101
2017-02-13 14:44:39,556 [12] DEBUG default - Logic4:100
2017-02-13 14:44:39,576 [14] DEBUG default - Logic3:100
2017-02-13 14:44:39,593 [12] DEBUG default - Logic7:100
2017-02-13 14:44:39,588 [11] DEBUG default - Logic6:100
2017-02-13 14:44:39,572 [13] DEBUG default - Logic5:100
2017-02-13 14:44:39,651 [14] DEBUG default - Logic8:100
2017-02-13 14:44:39,921 [13] DEBUG default - Logic1:102
2017-02-13 14:44:39,867 [11] DEBUG default - Logic10:100
2017-02-13 14:44:39,728 [12] DEBUG default - Logic9:100
2017-02-13 14:44:39,955 [14] DEBUG default - Logic2:5050
2017-02-13 14:44:40,048 [11] DEBUG default - Logic4:101
2017-02-13 14:44:40,171 [10] DEBUG default - todoAll: All done : 100
2017-02-13 14:44:40,270 [14] DEBUG default - Logic6:101
2017-02-13 14:44:40,330 [11] DEBUG default - Logic7:101
2017-02-13 14:44:40,050 [13] DEBUG default - Logic3:101
2017-02-13 14:44:40,637 [11] DEBUG default - Logic9:101
2017-02-13 14:44:40,171 [12] DEBUG default - Logic5:101
2017-02-13 14:44:40,500 [14] DEBUG default - Logic8:101
2017-02-13 14:44:40,791 [12] DEBUG default - Logic2:5151
2017-02-13 14:44:40,736 [11] DEBUG default - Logic1:103
2017-02-13 14:44:40,924 [14] DEBUG default - Logic3:102
2017-02-13 14:44:41,079 [14] DEBUG default - Logic6:102
2017-02-13 14:44:40,692 [13] DEBUG default - Logic10:101
2017-02-13 14:44:41,053 [11] DEBUG default - Logic5:102
2017-02-13 14:44:41,145 [10] DEBUG default - todoAll: All done : 101
2017-02-13 14:44:40,977 [12] DEBUG default - Logic4:102
2017-02-13 14:44:41,144 [15] DEBUG default - Logic8:102
2017-02-13 14:44:41,158 [11] DEBUG default - Logic10:102
2017-02-13 14:44:41,144 [13] DEBUG default - Logic9:102
2017-02-13 14:44:41,114 [14] DEBUG default - Logic7:102
2017-02-13 14:44:41,250 [10] DEBUG default - todoAll: All done : 102
2017-02-13 14:55:31,758 [10] DEBUG default - Start!!!
2017-02-13 14:55:31,977 [12] DEBUG default - Logic2:4950
2017-02-13 14:55:31,983 [6] DEBUG default - Logic1:101
2017-02-13 14:55:32,132 [12] DEBUG default - Logic4:100
2017-02-13 14:55:32,152 [6] DEBUG default - Logic6:100
2017-02-13 14:55:32,135 [13] DEBUG default - Logic5:100
2017-02-13 14:55:32,224 [12] DEBUG default - Logic7:100
2017-02-13 14:55:32,064 [14] DEBUG default - Logic3:100
2017-02-13 14:55:32,231 [6] DEBUG default - Logic8:100
2017-02-13 14:55:32,334 [14] DEBUG default - Logic1:102
2017-02-13 14:55:32,309 [12] DEBUG default - Logic10:100
2017-02-13 14:55:32,281 [13] DEBUG default - Logic9:100
2017-02-13 14:55:32,364 [6] DEBUG default - Logic2:5050
2017-02-13 14:55:32,483 [14] DEBUG default - Logic3:101
2017-02-13 14:55:32,540 [12] DEBUG default - Logic4:101
2017-02-13 14:55:32,621 [6] DEBUG default - Logic6:101
2017-02-13 14:55:32,601 [13] DEBUG default - Logic5:101
2017-02-13 14:55:32,736 [6] DEBUG default - Logic9:101
2017-02-13 14:55:32,651 [14] DEBUG default - Logic7:101
2017-02-13 14:55:32,601 [10] DEBUG default - todoAll: All done : 100
2017-02-13 14:55:32,900 [13] DEBUG default - Logic10:101
2017-02-13 14:55:32,976 [14] DEBUG default - Logic2:5151
2017-02-13 14:55:32,942 [6] DEBUG default - Logic1:103
2017-02-13 14:55:32,694 [12] DEBUG default - Logic8:101
2017-02-13 14:55:33,056 [13] DEBUG default - Logic3:102
2017-02-13 14:55:33,053 [14] DEBUG default - Logic4:102
2017-02-13 14:55:33,116 [12] DEBUG default - Logic6:102
2017-02-13 14:55:33,295 [14] DEBUG default - Logic8:102
2017-02-13 14:55:33,209 [13] DEBUG default - Logic7:102
2017-02-13 14:55:33,116 [10] DEBUG default - todoAll: All done : 101
2017-02-13 14:55:33,066 [6] DEBUG default - Logic5:102
2017-02-13 14:55:33,332 [12] DEBUG default - Logic10:102
2017-02-13 14:55:33,314 [15] DEBUG default - Logic9:102
2017-02-13 14:55:33,609 [10] DEBUG default - todoAll: All done : 102
2017-02-13 14:58:42,727 [9] DEBUG default - Start!!!
2017-02-13 14:58:43,298 [14] DEBUG default - [100]Logic2:4950
2017-02-13 14:58:43,299 [11] DEBUG default - [100]Logic1:101
2017-02-13 14:58:43,320 [13] DEBUG default - [100]Logic3:100
2017-02-13 14:58:43,334 [11] DEBUG default - [100]Logic4:100
2017-02-13 14:58:43,362 [13] DEBUG default - [100]Logic7:100
2017-02-13 14:58:43,394 [11] DEBUG default - [100]Logic8:100
2017-02-13 14:58:43,414 [13] DEBUG default - [100]Logic9:100
2017-02-13 14:58:43,436 [11] DEBUG default - [100]Logic10:100
2017-02-13 14:58:43,347 [12] DEBUG default - [100]Logic6:100
2017-02-13 14:58:43,532 [11] DEBUG default - [101]Logic2:5050
2017-02-13 14:58:43,347 [14] DEBUG default - [100]Logic5:100
2017-02-13 14:58:43,491 [13] DEBUG default - [101]Logic1:102
2017-02-13 14:58:43,562 [14] DEBUG default - [101]Logic5:101
2017-02-13 14:58:43,616 [13] DEBUG default - [101]Logic6:101
2017-02-13 14:58:43,622 [14] DEBUG default - [101]Logic7:101
2017-02-13 14:58:43,640 [14] DEBUG default - [101]Logic9:101
2017-02-13 14:58:43,545 [11] DEBUG default - [101]Logic4:101
2017-02-13 14:58:43,549 [12] DEBUG default - [101]Logic3:101
2017-02-13 14:58:43,667 [11] DEBUG default - [102]Logic1:103
2017-02-13 14:58:43,680 [12] DEBUG default - [102]Logic2:5151
2017-02-13 14:58:43,563 [9] DEBUG default - todoAll: All done : 100
2017-02-13 14:58:43,730 [12] DEBUG default - [102]Logic4:102
2017-02-13 14:58:43,733 [11] DEBUG default - [102]Logic3:102
2017-02-13 14:58:43,652 [14] DEBUG default - [101]Logic10:101
2017-02-13 14:58:43,628 [13] DEBUG default - [101]Logic8:101
2017-02-13 14:58:43,812 [12] DEBUG default - [102]Logic5:102
2017-02-13 14:58:43,898 [15] DEBUG default - [102]Logic9:102
2017-02-13 14:58:43,878 [13] DEBUG default - [102]Logic8:102
2017-02-13 14:58:43,848 [11] DEBUG default - [102]Logic6:102
2017-02-13 14:58:43,870 [14] DEBUG default - [102]Logic7:102
2017-02-13 14:58:43,883 [9] DEBUG default - todoAll: All done : 101
2017-02-13 14:58:43,907 [12] DEBUG default - [102]Logic10:102
2017-02-13 14:58:43,963 [9] DEBUG default - todoAll: All done : 102
2017-02-13 15:00:07,938 [9] DEBUG default - Start!!!
2017-02-13 15:00:09,376 [6] DEBUG default - [100]Logic1:101
2017-02-13 15:00:09,615 [13] DEBUG default - [100]Logic4:100
2017-02-13 15:00:09,633 [6] DEBUG default - [100]Logic3:100
2017-02-13 15:00:09,638 [13] DEBUG default - [100]Logic5:100
2017-02-13 15:00:09,657 [12] DEBUG default - [100]Logic7:100
2017-02-13 15:00:09,643 [11] DEBUG default - [100]Logic2:5050
2017-02-13 15:00:09,698 [12] DEBUG default - [100]Logic9:100
2017-02-13 15:00:09,716 [11] DEBUG default - [100]Logic10:100
2017-02-13 15:00:09,726 [12] DEBUG default - [101]Logic1:102
2017-02-13 15:00:09,731 [11] DEBUG default - [101]Logic2:5151
2017-02-13 15:00:09,649 [6] DEBUG default - [100]Logic6:100
2017-02-13 15:00:09,668 [13] DEBUG default - [100]Logic8:100
2017-02-13 15:00:09,776 [6] DEBUG default - [101]Logic5:101
2017-02-13 15:00:09,788 [13] DEBUG default - [101]Logic6:101
2017-02-13 15:00:09,788 [9] DEBUG default - todoAll: All done : 100
2017-02-13 15:00:09,755 [11] DEBUG default - [101]Logic4:101
2017-02-13 15:00:09,859 [13] DEBUG default - [101]Logic8:101
2017-02-13 15:00:09,759 [12] DEBUG default - [101]Logic3:101
2017-02-13 15:00:09,903 [13] DEBUG default - [101]Logic10:101
2017-02-13 15:00:09,888 [11] DEBUG default - [101]Logic9:101
2017-02-13 15:00:09,816 [6] DEBUG default - [101]Logic7:101
2017-02-13 15:00:09,918 [12] DEBUG default - [102]Logic1:103
2017-02-13 15:00:09,973 [6] DEBUG default - [102]Logic4:102
2017-02-13 15:00:09,940 [13] DEBUG default - [102]Logic2:5253
2017-02-13 15:00:09,973 [9] DEBUG default - todoAll: All done : 101
2017-02-13 15:00:10,013 [6] DEBUG default - [102]Logic6:102
2017-02-13 15:00:10,014 [13] DEBUG default - [102]Logic7:102
2017-02-13 15:00:09,995 [12] DEBUG default - [102]Logic5:102
2017-02-13 15:00:10,078 [13] DEBUG default - [102]Logic10:102
2017-02-13 15:00:09,980 [11] DEBUG default - [102]Logic3:102
2017-02-13 15:00:10,051 [6] DEBUG default - [102]Logic9:102
2017-02-13 15:00:10,026 [14] DEBUG default - [102]Logic8:102
2017-02-13 15:00:10,165 [9] DEBUG default - todoAll: All done : 102
2017-02-13 15:05:24,573 [10] DEBUG default - Start!!!
2017-02-13 15:05:28,901 [12] DEBUG default - [100]Logic2:5050
2017-02-13 15:05:28,931 [12] DEBUG default - [100]Logic3:100
2017-02-13 15:05:31,229 [6] DEBUG default - [100]Logic1:101
2017-02-13 15:05:31,266 [14] DEBUG default - [100]Logic4:100
2017-02-13 15:05:31,531 [12] DEBUG default - [100]Logic5:100
2017-02-13 15:05:32,114 [13] DEBUG default - [100]Logic6:100
2017-02-13 15:05:32,158 [12] DEBUG default - [100]Logic9:100
2017-02-13 15:05:32,165 [13] DEBUG default - [100]Logic10:100
2017-02-13 15:05:32,193 [12] DEBUG default - [101]Logic1:102
2017-02-13 15:05:32,205 [13] DEBUG default - [101]Logic2:5151
2017-02-13 15:05:32,139 [14] DEBUG default - [100]Logic8:100
2017-02-13 15:05:32,227 [13] DEBUG default - [101]Logic4:101
2017-02-13 15:05:32,239 [14] DEBUG default - [101]Logic5:101
2017-02-13 15:05:32,130 [6] DEBUG default - [100]Logic7:100
2017-02-13 15:05:32,265 [14] DEBUG default - [101]Logic7:101
2017-02-13 15:05:32,233 [12] DEBUG default - [101]Logic3:101
2017-02-13 15:05:32,308 [14] DEBUG default - [101]Logic8:101
2017-02-13 15:05:32,328 [12] DEBUG default - [101]Logic9:101
2017-02-13 15:05:32,443 [12] DEBUG default - [102]Logic1:103
2017-02-13 15:05:32,251 [13] DEBUG default - [101]Logic6:101
2017-02-13 15:05:32,368 [14] DEBUG default - [101]Logic10:101
2017-02-13 15:05:32,472 [12] DEBUG default - [102]Logic2:5253
2017-02-13 15:05:32,508 [13] DEBUG default - [102]Logic3:102
2017-02-13 15:05:32,523 [14] DEBUG default - [102]Logic5:102
2017-02-13 15:05:32,623 [13] DEBUG default - [102]Logic7:102
2017-02-13 15:05:32,516 [12] DEBUG default - [102]Logic4:102
2017-02-13 15:05:34,389 [10] DEBUG default - todoAll: All done : 100
2017-02-13 15:05:34,417 [14] DEBUG default - [102]Logic9:102
2017-02-13 15:05:34,425 [15] DEBUG default - [102]Logic10:102
2017-02-13 15:05:34,396 [13] DEBUG default - [102]Logic8:102
2017-02-13 15:05:32,524 [6] DEBUG default - [102]Logic6:102
2017-02-13 15:05:35,683 [10] DEBUG default - todoAll: All done : 101
2017-02-13 15:05:36,987 [10] DEBUG default - todoAll: All done : 102
2017-02-13 15:12:34,190 [9] DEBUG default - Start!!!
2017-02-13 15:12:37,235 [12] DEBUG default - [100]Logic1:101
2017-02-13 15:12:37,246 [11] DEBUG default - [100]Logic2:5050
2017-02-13 15:12:37,287 [12] DEBUG default - [100]Logic4:100
2017-02-13 15:12:38,692 [11] DEBUG default - [100]Logic6:100
2017-02-13 15:12:38,693 [14] DEBUG default - [100]Logic5:100
2017-02-13 15:12:38,695 [12] DEBUG default - [100]Logic7:100
2017-02-13 15:12:57,352 [10] DEBUG default - Start!!!
2017-02-13 15:12:57,985 [6] DEBUG default - [100]Logic1:101
2017-02-13 15:13:00,310 [13] DEBUG default - [100]Logic2:5050
2017-02-13 15:13:00,372 [12] DEBUG default - [100]Logic4:100
2017-02-13 15:13:00,382 [14] DEBUG default - [100]Logic3:100
2017-02-13 15:13:00,396 [13] DEBUG default - [100]Logic6:100
2017-02-13 15:13:00,475 [12] DEBUG default - [100]Logic7:100
2017-02-13 15:13:00,487 [14] DEBUG default - [100]Logic8:100
2017-02-13 15:13:00,566 [12] DEBUG default - [100]Logic10:100
2017-02-13 15:13:00,523 [13] DEBUG default - [100]Logic9:100
2017-02-13 15:13:00,393 [6] DEBUG default - [100]Logic5:100
2017-02-13 15:14:40,082 [9] DEBUG default - Start!!!
2017-02-13 15:14:41,285 [14] DEBUG default - [100]Logic2:5050
2017-02-13 15:14:41,606 [14] DEBUG default - [100]Logic4:100
2017-02-13 15:14:41,640 [11] DEBUG default - [100]Logic1:101
2017-02-13 15:14:41,705 [13] DEBUG default - [100]Logic3:100
2017-02-13 15:14:41,744 [14] DEBUG default - [100]Logic6:100
2017-02-13 15:14:41,643 [12] DEBUG default - [100]Logic5:100
2017-02-13 15:14:41,751 [11] DEBUG default - [100]Logic7:100
2017-02-13 15:14:41,847 [13] DEBUG default - [100]Logic8:100
2017-02-13 15:14:42,008 [12] DEBUG default - [100]Logic10:100
2017-02-13 15:14:41,957 [14] DEBUG default - [100]Logic9:100
2017-02-13 15:25:13,382 [9] DEBUG default - Start!!!
2017-02-13 15:25:13,826 [13] DEBUG default - [100]Logic2:5050
2017-02-13 15:25:13,828 [14] DEBUG default - [100]Logic1:101
2017-02-13 15:25:13,875 [14] DEBUG default - [100]Logic4:100
2017-02-13 15:25:13,892 [12] DEBUG default - [100]Logic3:100
2017-02-13 15:25:13,932 [14] DEBUG default - [100]Logic7:100
2017-02-13 15:25:13,998 [12] DEBUG default - [100]Logic8:100
2017-02-13 15:25:14,010 [14] DEBUG default - [100]Logic9:100
2017-02-13 15:25:14,016 [12] DEBUG default - [100]Logic10:100
2017-02-13 15:25:13,903 [13] DEBUG default - [100]Logic5:100
2017-02-13 15:25:13,925 [11] DEBUG default - [100]Logic6:100
2017-02-13 15:25:14,061 [14] DEBUG default - [101]Logic2:5151
2017-02-13 15:25:14,068 [11] DEBUG default - [101]Logic1:102
2017-02-13 15:25:14,061 [12] DEBUG default - [101]Logic4:101
2017-02-13 15:25:14,097 [11] DEBUG default - [101]Logic6:101
2017-02-13 15:25:14,078 [13] DEBUG default - [101]Logic3:101
2017-02-13 15:25:14,122 [11] DEBUG default - [101]Logic8:101
2017-02-13 15:25:14,104 [12] DEBUG default - [101]Logic7:101
2017-02-13 15:25:14,080 [14] DEBUG default - [101]Logic5:101
2017-02-13 15:25:14,167 [11] DEBUG default - [101]Logic10:101
2017-02-13 15:25:14,142 [13] DEBUG default - [101]Logic9:101
2017-02-13 15:25:14,200 [12] DEBUG default - [102]Logic1:103
2017-02-13 15:25:14,208 [11] DEBUG default - [102]Logic4:102
2017-02-13 15:25:14,220 [13] DEBUG default - [102]Logic3:102
2017-02-13 15:25:14,230 [11] DEBUG default - [102]Logic6:102
2017-02-13 15:25:14,200 [14] DEBUG default - [102]Logic2:5253
2017-02-13 15:25:14,256 [11] DEBUG default - [102]Logic8:102
2017-02-13 15:25:14,276 [14] DEBUG default - [102]Logic10:102
2017-02-13 15:25:14,269 [15] DEBUG default - [102]Logic9:102
2017-02-13 15:25:14,212 [12] DEBUG default - [102]Logic5:102
2017-02-13 15:25:14,239 [13] DEBUG default - [102]Logic7:102
2017-02-13 15:25:17,327 [9] DEBUG default - todoAll: All done : 100
2017-02-13 15:25:20,317 [9] DEBUG default - todoAll: All done : 101
2017-02-13 15:25:22,103 [9] DEBUG default - todoAll: All done : 102
2017-02-13 15:25:55,529 [9] DEBUG default - Start!!!
2017-02-13 15:25:57,377 [14] DEBUG default - [100]Logic1:101
2017-02-13 15:25:57,437 [13] DEBUG default - [100]Logic2:5050
2017-02-13 15:25:57,584 [14] DEBUG default - [100]Logic3:100
2017-02-13 15:25:57,634 [13] DEBUG default - [100]Logic5:100
2017-02-13 15:25:57,640 [14] DEBUG default - [100]Logic6:100
2017-02-13 15:25:57,671 [13] DEBUG default - [100]Logic8:100
2017-02-13 15:25:57,721 [14] DEBUG default - [100]Logic9:100
2017-02-13 15:25:57,644 [11] DEBUG default - [100]Logic7:100
2017-02-13 15:25:57,641 [12] DEBUG default - [100]Logic4:100
2017-02-13 15:25:57,761 [13] DEBUG default - [100]Logic10:100
2017-02-13 15:25:57,855 [13] DEBUG default - [101]Logic1:102
2017-02-13 15:25:57,904 [12] DEBUG default - [101]Logic3:101
2017-02-13 15:25:57,879 [11] DEBUG default - [101]Logic4:101
2017-02-13 15:25:57,863 [14] DEBUG default - [101]Logic2:5151
2017-02-13 15:25:57,935 [13] DEBUG default - [101]Logic5:101
2017-02-13 15:25:57,969 [12] DEBUG default - [101]Logic6:101
2017-02-13 15:25:58,016 [14] DEBUG default - [101]Logic8:101
2017-02-13 15:25:58,055 [13] DEBUG default - [101]Logic9:101
2017-02-13 15:25:58,068 [12] DEBUG default - [101]Logic10:101
2017-02-13 15:25:57,990 [11] DEBUG default - [101]Logic7:101
2017-02-13 15:25:58,110 [13] DEBUG default - [102]Logic1:103
2017-02-13 15:25:58,121 [11] DEBUG default - [102]Logic4:102
2017-02-13 15:25:58,148 [14] DEBUG default - [102]Logic3:102
2017-02-13 15:25:58,112 [12] DEBUG default - [102]Logic2:5253
2017-02-13 15:25:58,186 [15] DEBUG default - [102]Logic7:102
2017-02-13 15:25:58,171 [14] DEBUG default - [102]Logic6:102
2017-02-13 15:25:58,201 [12] DEBUG default - [102]Logic9:102
2017-02-13 15:25:58,126 [13] DEBUG default - [102]Logic5:102
2017-02-13 15:25:58,220 [15] DEBUG default - [102]Logic10:102
2017-02-13 15:25:58,194 [11] DEBUG default - [102]Logic8:102
2017-02-13 15:25:59,754 [9] DEBUG default - todoAll: All done : 100
2017-02-13 15:26:00,512 [9] DEBUG default - todoAll: All done : 101
2017-02-13 15:26:01,125 [9] DEBUG default - todoAll: All done : 102
2017-02-13 15:26:26,802 [10] DEBUG default - Start!!!
2017-02-13 15:26:27,181 [6] DEBUG default - [100]Logic1:101
2017-02-13 15:26:27,281 [6] DEBUG default - [100]Logic4:100
2017-02-13 15:26:27,281 [12] DEBUG default - [100]Logic2:5050
2017-02-13 15:26:27,300 [14] DEBUG default - [100]Logic5:100
2017-02-13 15:26:27,319 [12] DEBUG default - [100]Logic7:100
2017-02-13 15:26:27,306 [13] DEBUG default - [100]Logic3:100
2017-02-13 15:26:27,355 [14] DEBUG default - [100]Logic8:100
2017-02-13 15:26:27,381 [13] DEBUG default - [100]Logic10:100
2017-02-13 15:26:27,395 [14] DEBUG default - [101]Logic1:102
2017-02-13 15:26:27,368 [12] DEBUG default - [100]Logic9:100
2017-02-13 15:26:27,311 [6] DEBUG default - [100]Logic6:100
2017-02-13 15:26:27,651 [14] DEBUG default - [101]Logic3:101
2017-02-13 15:26:27,422 [13] DEBUG default - [101]Logic2:5151
2017-02-13 15:26:27,688 [6] DEBUG default - [101]Logic5:101
2017-02-13 15:26:27,652 [12] DEBUG default - [101]Logic4:101
2017-02-13 15:26:29,226 [14] DEBUG default - [101]Logic6:101
2017-02-13 15:26:29,268 [13] DEBUG default - [101]Logic7:101
2017-02-13 15:26:29,254 [10] DEBUG default - todoAll: All done : 100
2017-02-13 15:26:29,468 [14] DEBUG default - [101]Logic10:101
2017-02-13 15:26:29,418 [12] DEBUG default - [101]Logic9:101
2017-02-13 15:26:29,509 [13] DEBUG default - [102]Logic1:103
2017-02-13 15:26:29,656 [14] DEBUG default - [102]Logic2:5253
2017-02-13 15:26:29,304 [6] DEBUG default - [101]Logic8:101
2017-02-13 15:26:29,768 [14] DEBUG default - [102]Logic5:102
2017-02-13 15:26:29,679 [12] DEBUG default - [102]Logic3:102
2017-02-13 15:26:29,725 [13] DEBUG default - [102]Logic4:102
2017-02-13 15:26:30,389 [15] DEBUG default - [102]Logic8:102
2017-02-13 15:26:30,415 [12] DEBUG default - [102]Logic9:102
2017-02-13 15:26:29,781 [6] DEBUG default - [102]Logic6:102
2017-02-13 15:26:29,799 [14] DEBUG default - [102]Logic7:102
2017-02-13 15:26:30,378 [10] DEBUG default - todoAll: All done : 101
2017-02-13 15:26:30,429 [13] DEBUG default - [102]Logic10:102
2017-02-13 15:26:30,835 [10] DEBUG default - todoAll: All done : 102
2017-02-13 15:32:49,801 [8] DEBUG default - Start!!!
2017-02-13 15:33:20,909 [10] DEBUG default - Start!!!
2017-02-13 15:33:21,269 [6] DEBUG default - [100]Logic10:100
2017-02-13 15:33:21,335 [6] DEBUG default - [100]Logic9:100
2017-02-13 15:33:21,527 [6] DEBUG default - [100]Logic8:100
2017-02-13 15:33:21,556 [14] DEBUG default - [100]Logic1:101
2017-02-13 15:33:21,604 [13] DEBUG default - [100]Logic2:5050
2017-02-13 15:33:21,685 [6] DEBUG default - [100]Logic7:100
2017-02-13 15:33:21,789 [13] DEBUG default - [100]Logic5:100
2017-02-13 15:33:21,667 [12] DEBUG default - [100]Logic3:100
2017-02-13 15:33:21,829 [6] DEBUG default - [100]Logic6:100
2017-02-13 15:33:21,761 [14] DEBUG default - [100]Logic4:100
2017-02-13 15:33:26,563 [14] DEBUG default - todoAll: All done : 100
2017-02-13 15:33:44,822 [10] DEBUG default - Start!!!
2017-02-13 15:33:45,297 [6] DEBUG default - [100]Logic10:100
2017-02-13 15:33:45,467 [14] DEBUG default - [100]Logic2:5050
2017-02-13 15:33:45,436 [12] DEBUG default - [100]Logic1:101
2017-02-13 15:33:45,469 [6] DEBUG default - [100]Logic9:100
2017-02-13 15:33:45,589 [13] DEBUG default - [100]Logic3:100
2017-02-13 15:33:45,607 [14] DEBUG default - [100]Logic4:100
2017-02-13 15:33:45,654 [6] DEBUG default - [100]Logic8:100
2017-02-13 15:33:45,768 [14] DEBUG default - [100]Logic7:100
2017-02-13 15:33:45,613 [12] DEBUG default - [100]Logic5:100
2017-02-13 15:33:45,677 [13] DEBUG default - [100]Logic6:100
2017-02-13 15:33:48,035 [13] DEBUG default - todoAll: All done : 100
2017-02-13 15:33:48,046 [6] DEBUG default - [101]Logic10:101
2017-02-13 15:33:48,058 [13] DEBUG default - [101]Logic3:101
2017-02-13 15:33:48,061 [6] DEBUG default - [101]Logic9:101
2017-02-13 15:33:48,046 [14] DEBUG default - [101]Logic2:5151
2017-02-13 15:33:48,080 [6] DEBUG default - [101]Logic8:101
2017-02-13 15:33:48,072 [13] DEBUG default - [101]Logic4:101
2017-02-13 15:33:48,087 [14] DEBUG default - [101]Logic5:101
2017-02-13 15:33:48,095 [6] DEBUG default - [101]Logic7:101
2017-02-13 15:33:48,110 [13] DEBUG default - [101]Logic6:101
2017-02-13 15:33:48,046 [12] DEBUG default - [101]Logic1:102
2017-02-13 15:33:49,539 [12] DEBUG default - todoAll: All done : 101
2017-02-13 15:33:49,556 [6] DEBUG default - [102]Logic10:102
2017-02-13 15:33:49,589 [6] DEBUG default - [102]Logic9:102
2017-02-13 15:33:49,556 [14] DEBUG default - [102]Logic1:103
2017-02-13 15:33:49,614 [13] DEBUG default - [102]Logic3:102
2017-02-13 15:33:49,557 [12] DEBUG default - [102]Logic2:5253
2017-02-13 15:33:49,740 [6] DEBUG default - [102]Logic8:102
2017-02-13 15:33:49,753 [12] DEBUG default - [102]Logic7:102
2017-02-13 15:33:49,654 [13] DEBUG default - [102]Logic5:102
2017-02-13 15:33:49,744 [15] DEBUG default - [102]Logic6:102
2017-02-13 15:33:49,625 [14] DEBUG default - [102]Logic4:102
2017-02-13 15:33:50,483 [14] DEBUG default - todoAll: All done : 102
